<?xml version="1.0" encoding="UTF-8"?>
<!-- Generated by org.testng.reporters.JUnitReportReporter -->
<testsuite hostname="LAPTOP-S2V733QP" failures="0" tests="1" name="Com.AutomationLearner.BootCampSpring2021.PassengersTicketBookingForm" time="39.902" errors="0" timestamp="2021-05-29T10:11:40 EDT" skipped="0">
  <testcase classname="Com.AutomationLearner.BootCampSpring2021.PassengersTicketBookingForm" name="PositivSecnarioTest" time="39.902"/>
  <system-out/>
</testsuite> <!-- Com.AutomationLearner.BootCampSpring2021.PassengersTicketBookingForm -->
