<?xml version="1.0" encoding="UTF-8"?>
<!-- Generated by org.testng.reporters.JUnitReportReporter -->
<testsuite hostname="LAPTOP-S2V733QP" failures="0" tests="1" name="Com.AutomationLearner.BootCampSpring2021.HomeDepotNewUserAccountCreation" time="8.769" errors="0" timestamp="2021-05-26T18:17:18 EDT" skipped="0">
  <testcase classname="Com.AutomationLearner.BootCampSpring2021.HomeDepotNewUserAccountCreation" name="homeDepotNewUserRegistration" time="8.769"/>
  <system-out/>
</testsuite> <!-- Com.AutomationLearner.BootCampSpring2021.HomeDepotNewUserAccountCreation -->
